[ 2017-09-28T14:58:00+08:00 ] ::1 /MyBlog/index.php/Home/calendar.class.php
INFO: [ app_begin ] --START--
INFO: Run Behavior\ReadHtmlCacheBehavior [ RunTime:0.001000s ]
INFO: [ app_begin ] --END-- [ RunTime:0.001000s ]
ERR: 无法加载控制器:Calendar.class.php

[ 2017-09-28T14:58:01+08:00 ] ::1 /MyBlog/index.php/Home/calendar.class.php
INFO: [ app_begin ] --START--
INFO: Run Behavior\ReadHtmlCacheBehavior [ RunTime:0.000000s ]
INFO: [ app_begin ] --END-- [ RunTime:0.001000s ]
ERR: 无法加载控制器:Calendar.class.php

[ 2017-09-28T14:58:01+08:00 ] ::1 /MyBlog/index.php/Home/calendar.class.php
INFO: [ app_begin ] --START--
INFO: Run Behavior\ReadHtmlCacheBehavior [ RunTime:0.001001s ]
INFO: [ app_begin ] --END-- [ RunTime:0.002001s ]
ERR: 无法加载控制器:Calendar.class.php

[ 2017-09-28T14:58:01+08:00 ] ::1 /MyBlog/index.php/Home/calendar.class.php
INFO: [ app_begin ] --START--
INFO: Run Behavior\ReadHtmlCacheBehavior [ RunTime:0.001000s ]
INFO: [ app_begin ] --END-- [ RunTime:0.001000s ]
ERR: 无法加载控制器:Calendar.class.php

[ 2017-09-28T14:58:01+08:00 ] ::1 /MyBlog/index.php/Home/calendar.class.php
INFO: [ app_begin ] --START--
INFO: Run Behavior\ReadHtmlCacheBehavior [ RunTime:0.001000s ]
INFO: [ app_begin ] --END-- [ RunTime:0.001000s ]
ERR: 无法加载控制器:Calendar.class.php

[ 2017-09-28T14:58:02+08:00 ] ::1 /MyBlog/index.php/Home/calendar.class.php
INFO: [ app_begin ] --START--
INFO: Run Behavior\ReadHtmlCacheBehavior [ RunTime:0.000000s ]
INFO: [ app_begin ] --END-- [ RunTime:0.001000s ]
ERR: 无法加载控制器:Calendar.class.php

[ 2017-09-28T14:58:02+08:00 ] ::1 /MyBlog/index.php/Home/calendar.class.php
INFO: [ app_begin ] --START--
INFO: Run Behavior\ReadHtmlCacheBehavior [ RunTime:0.001000s ]
INFO: [ app_begin ] --END-- [ RunTime:0.002000s ]
ERR: 无法加载控制器:Calendar.class.php

[ 2017-09-28T14:58:03+08:00 ] ::1 /MyBlog/index.php/Home/calendar.class.php
INFO: [ app_begin ] --START--
INFO: Run Behavior\ReadHtmlCacheBehavior [ RunTime:0.001000s ]
INFO: [ app_begin ] --END-- [ RunTime:0.001000s ]
ERR: 无法加载控制器:Calendar.class.php

[ 2017-09-28T14:58:03+08:00 ] ::1 /MyBlog/index.php/Home/calendar.class.php
INFO: [ app_begin ] --START--
INFO: Run Behavior\ReadHtmlCacheBehavior [ RunTime:0.000000s ]
INFO: [ app_begin ] --END-- [ RunTime:0.002000s ]
ERR: 无法加载控制器:Calendar.class.php

[ 2017-09-28T14:58:03+08:00 ] ::1 /MyBlog/index.php/Home/calendar.class.php
INFO: [ app_begin ] --START--
INFO: Run Behavior\ReadHtmlCacheBehavior [ RunTime:0.000000s ]
INFO: [ app_begin ] --END-- [ RunTime:0.001000s ]
ERR: 无法加载控制器:Calendar.class.php

[ 2017-09-28T14:58:03+08:00 ] ::1 /MyBlog/index.php/Home/calendar.class.php
INFO: [ app_begin ] --START--
INFO: Run Behavior\ReadHtmlCacheBehavior [ RunTime:0.000000s ]
INFO: [ app_begin ] --END-- [ RunTime:0.001000s ]
ERR: 无法加载控制器:Calendar.class.php

[ 2017-09-28T14:58:03+08:00 ] ::1 /MyBlog/index.php/Home/calendar.class.php
INFO: [ app_begin ] --START--
INFO: Run Behavior\ReadHtmlCacheBehavior [ RunTime:0.001000s ]
INFO: [ app_begin ] --END-- [ RunTime:0.001000s ]
ERR: 无法加载控制器:Calendar.class.php

[ 2017-09-28T14:58:04+08:00 ] ::1 /MyBlog/index.php/Home/calendar.class.php
INFO: [ app_begin ] --START--
INFO: Run Behavior\ReadHtmlCacheBehavior [ RunTime:0.000000s ]
INFO: [ app_begin ] --END-- [ RunTime:0.001000s ]
ERR: 无法加载控制器:Calendar.class.php

[ 2017-09-28T14:58:04+08:00 ] ::1 /MyBlog/index.php/Home/calendar.class.php
INFO: [ app_begin ] --START--
INFO: Run Behavior\ReadHtmlCacheBehavior [ RunTime:0.000000s ]
INFO: [ app_begin ] --END-- [ RunTime:0.001000s ]
ERR: 无法加载控制器:Calendar.class.php

[ 2017-09-28T14:58:04+08:00 ] ::1 /MyBlog/index.php/Home/calendar.class.php
INFO: [ app_begin ] --START--
INFO: Run Behavior\ReadHtmlCacheBehavior [ RunTime:0.001000s ]
INFO: [ app_begin ] --END-- [ RunTime:0.001000s ]
ERR: 无法加载控制器:Calendar.class.php

[ 2017-09-28T14:58:04+08:00 ] ::1 /MyBlog/index.php/Home/calendar.class.php
INFO: [ app_begin ] --START--
INFO: Run Behavior\ReadHtmlCacheBehavior [ RunTime:0.001000s ]
INFO: [ app_begin ] --END-- [ RunTime:0.001000s ]
ERR: 无法加载控制器:Calendar.class.php

[ 2017-09-28T14:58:04+08:00 ] ::1 /MyBlog/index.php/Home/calendar.class.php
INFO: [ app_begin ] --START--
INFO: Run Behavior\ReadHtmlCacheBehavior [ RunTime:0.001000s ]
INFO: [ app_begin ] --END-- [ RunTime:0.001000s ]
ERR: 无法加载控制器:Calendar.class.php

[ 2017-09-28T14:58:53+08:00 ] ::1 /MyBlog/index.php/Home/calendar.class.php
ERR: 无法加载控制器:Calendar.class.php

[ 2017-09-28T14:59:11+08:00 ] ::1 /MyBlog/index.php/Home/calendar.class.php
INFO: [ app_begin ] --START--
INFO: Run Behavior\ReadHtmlCacheBehavior [ RunTime:0.000000s ]
INFO: [ app_begin ] --END-- [ RunTime:0.001000s ]
ERR: 无法加载控制器:Calendar.class.php

[ 2017-09-28T15:01:09+08:00 ] ::1 /MyBlog/index.php/Home/Index/ajax_calen
INFO: [ app_begin ] --START--
INFO: Run Behavior\ReadHtmlCacheBehavior [ RunTime:0.000000s ]
INFO: [ app_begin ] --END-- [ RunTime:0.001000s ]

[ 2017-09-28T15:01:11+08:00 ] ::1 /MyBlog/index.php/Home/Index/ajax_calen
INFO: [ app_begin ] --START--
INFO: Run Behavior\ReadHtmlCacheBehavior [ RunTime:0.000000s ]
INFO: [ app_begin ] --END-- [ RunTime:0.001000s ]

[ 2017-09-28T15:01:11+08:00 ] ::1 /MyBlog/index.php/Home/Index/ajax_calen
INFO: [ app_begin ] --START--
INFO: Run Behavior\ReadHtmlCacheBehavior [ RunTime:0.000000s ]
INFO: [ app_begin ] --END-- [ RunTime:0.001000s ]

[ 2017-09-28T15:01:12+08:00 ] ::1 /MyBlog/index.php/Home/Index/ajax_calen
INFO: [ app_begin ] --START--
INFO: Run Behavior\ReadHtmlCacheBehavior [ RunTime:0.000000s ]
INFO: [ app_begin ] --END-- [ RunTime:0.001000s ]

[ 2017-09-28T15:01:12+08:00 ] ::1 /MyBlog/index.php/Home/Index/ajax_calen
INFO: [ app_begin ] --START--
INFO: Run Behavior\ReadHtmlCacheBehavior [ RunTime:0.000000s ]
INFO: [ app_begin ] --END-- [ RunTime:0.001000s ]

[ 2017-09-28T15:01:13+08:00 ] ::1 /MyBlog/index.php/Home/Index/ajax_calen
INFO: [ app_begin ] --START--
INFO: Run Behavior\ReadHtmlCacheBehavior [ RunTime:0.000000s ]
INFO: [ app_begin ] --END-- [ RunTime:0.001000s ]

[ 2017-09-28T15:01:13+08:00 ] ::1 /MyBlog/index.php/Home/Index/ajax_calen
INFO: [ app_begin ] --START--
INFO: Run Behavior\ReadHtmlCacheBehavior [ RunTime:0.001000s ]
INFO: [ app_begin ] --END-- [ RunTime:0.002000s ]

[ 2017-09-28T15:01:13+08:00 ] ::1 /MyBlog/index.php/Home/Index/ajax_calen
INFO: [ app_begin ] --START--
INFO: Run Behavior\ReadHtmlCacheBehavior [ RunTime:0.000000s ]
INFO: [ app_begin ] --END-- [ RunTime:0.001000s ]

[ 2017-09-28T15:01:13+08:00 ] ::1 /MyBlog/index.php/Home/Index/ajax_calen
INFO: [ app_begin ] --START--
INFO: Run Behavior\ReadHtmlCacheBehavior [ RunTime:0.001000s ]
INFO: [ app_begin ] --END-- [ RunTime:0.002000s ]

[ 2017-09-28T15:01:14+08:00 ] ::1 /MyBlog/index.php/Home/Index/ajax_calen
INFO: [ app_begin ] --START--
INFO: Run Behavior\ReadHtmlCacheBehavior [ RunTime:0.000000s ]
INFO: [ app_begin ] --END-- [ RunTime:0.001000s ]

[ 2017-09-28T15:01:14+08:00 ] ::1 /MyBlog/index.php/Home/Index/ajax_calen
INFO: [ app_begin ] --START--
INFO: Run Behavior\ReadHtmlCacheBehavior [ RunTime:0.001000s ]
INFO: [ app_begin ] --END-- [ RunTime:0.001000s ]

[ 2017-09-28T15:01:14+08:00 ] ::1 /MyBlog/index.php/Home/Index/ajax_calen
INFO: [ app_begin ] --START--
INFO: Run Behavior\ReadHtmlCacheBehavior [ RunTime:0.001000s ]
INFO: [ app_begin ] --END-- [ RunTime:0.002000s ]

[ 2017-09-28T15:01:14+08:00 ] ::1 /MyBlog/index.php/Home/Index/ajax_calen
INFO: [ app_begin ] --START--
INFO: Run Behavior\ReadHtmlCacheBehavior [ RunTime:0.001000s ]
INFO: [ app_begin ] --END-- [ RunTime:0.002000s ]

[ 2017-09-28T15:01:17+08:00 ] ::1 /MyBlog/index.php/Home/Index/ajax_calen
INFO: [ app_begin ] --START--
INFO: Run Behavior\ReadHtmlCacheBehavior [ RunTime:0.001000s ]
INFO: [ app_begin ] --END-- [ RunTime:0.001000s ]

[ 2017-09-28T15:01:18+08:00 ] ::1 /MyBlog/index.php/Home/Index/ajax_calen
INFO: [ app_begin ] --START--
INFO: Run Behavior\ReadHtmlCacheBehavior [ RunTime:0.000000s ]
INFO: [ app_begin ] --END-- [ RunTime:0.001000s ]

[ 2017-09-28T15:01:18+08:00 ] ::1 /MyBlog/index.php/Home/Index/ajax_calen
INFO: [ app_begin ] --START--
INFO: Run Behavior\ReadHtmlCacheBehavior [ RunTime:0.001000s ]
INFO: [ app_begin ] --END-- [ RunTime:0.001000s ]

[ 2017-09-28T15:01:19+08:00 ] ::1 /MyBlog/index.php/Home/Index/ajax_calen
INFO: [ app_begin ] --START--
INFO: Run Behavior\ReadHtmlCacheBehavior [ RunTime:0.001000s ]
INFO: [ app_begin ] --END-- [ RunTime:0.002000s ]

[ 2017-09-28T15:01:19+08:00 ] ::1 /MyBlog/index.php/Home/Index/ajax_calen
INFO: [ app_begin ] --START--
INFO: Run Behavior\ReadHtmlCacheBehavior [ RunTime:0.000000s ]
INFO: [ app_begin ] --END-- [ RunTime:0.001000s ]

[ 2017-09-28T15:01:19+08:00 ] ::1 /MyBlog/index.php/Home/Index/ajax_calen
INFO: [ app_begin ] --START--
INFO: Run Behavior\ReadHtmlCacheBehavior [ RunTime:0.001000s ]
INFO: [ app_begin ] --END-- [ RunTime:0.002000s ]

[ 2017-09-28T15:01:20+08:00 ] ::1 /MyBlog/index.php/Home/Index/ajax_calen
INFO: [ app_begin ] --START--
INFO: Run Behavior\ReadHtmlCacheBehavior [ RunTime:0.001000s ]
INFO: [ app_begin ] --END-- [ RunTime:0.001000s ]

[ 2017-09-28T15:01:20+08:00 ] ::1 /MyBlog/index.php/Home/Index/ajax_calen
INFO: [ app_begin ] --START--
INFO: Run Behavior\ReadHtmlCacheBehavior [ RunTime:0.001000s ]
INFO: [ app_begin ] --END-- [ RunTime:0.001000s ]

[ 2017-09-28T15:02:29+08:00 ] ::1 /MyBlog/index.php/Home/Index/ajax_vali_reg?tm=Thu%20Sep%2028%202017%2015:02:29%20GMT+0800%20(%E4%B8%AD%E5%9B%BD%E6%A0%87%E5%87%86%E6%97%B6%E9%97%B4)
INFO: [ app_begin ] --START--
INFO: Run Behavior\ReadHtmlCacheBehavior [ RunTime:0.000000s ]
INFO: [ app_begin ] --END-- [ RunTime:0.001000s ]
SQL: SHOW COLUMNS FROM `mb_user` [ RunTime:0.0230s ]
SQL: SELECT * FROM `mb_user` WHERE `username` = '斯蒂芬森' LIMIT 1   [ RunTime:0.0000s ]

[ 2017-09-28T15:03:09+08:00 ] ::1 /MyBlog/index.php/Home/Index/ajax_vali_reg?tm=Thu%20Sep%2028%202017%2015:03:09%20GMT+0800%20(%E4%B8%AD%E5%9B%BD%E6%A0%87%E5%87%86%E6%97%B6%E9%97%B4)
INFO: [ app_begin ] --START--
INFO: Run Behavior\ReadHtmlCacheBehavior [ RunTime:0.001000s ]
INFO: [ app_begin ] --END-- [ RunTime:0.002000s ]
SQL: SHOW COLUMNS FROM `mb_user` [ RunTime:0.0010s ]
SQL: SELECT * FROM `mb_user` WHERE `username` = '史蒂夫' LIMIT 1   [ RunTime:0.0000s ]

[ 2017-09-28T15:07:20+08:00 ] ::1 /MyBlog/index.php/Home/Index/ajax_vali_reg?tm=Thu%20Sep%2028%202017%2015:07:20%20GMT+0800%20(%E4%B8%AD%E5%9B%BD%E6%A0%87%E5%87%86%E6%97%B6%E9%97%B4)
INFO: [ app_begin ] --START--
INFO: Run Behavior\ReadHtmlCacheBehavior [ RunTime:0.000000s ]
INFO: [ app_begin ] --END-- [ RunTime:0.001000s ]
SQL: SHOW COLUMNS FROM `mb_user` [ RunTime:0.0010s ]
SQL: SELECT * FROM `mb_user` WHERE `username` = 'sdfs' LIMIT 1   [ RunTime:0.0010s ]

[ 2017-09-28T15:07:31+08:00 ] ::1 /MyBlog/index.php/Home/Index/ajax_vali_reg?tm=Thu%20Sep%2028%202017%2015:07:31%20GMT+0800%20(%E4%B8%AD%E5%9B%BD%E6%A0%87%E5%87%86%E6%97%B6%E9%97%B4)
INFO: [ app_begin ] --START--
INFO: Run Behavior\ReadHtmlCacheBehavior [ RunTime:0.000000s ]
INFO: [ app_begin ] --END-- [ RunTime:0.005000s ]
SQL: SHOW COLUMNS FROM `mb_user` [ RunTime:0.0010s ]
SQL: SELECT * FROM `mb_user` WHERE `username` = 'sdfs' LIMIT 1   [ RunTime:0.0000s ]

[ 2017-09-28T15:08:41+08:00 ] ::1 /MyBlog/index.php/Home/Index/ajax_calen
INFO: [ app_begin ] --START--
INFO: Run Behavior\ReadHtmlCacheBehavior [ RunTime:0.001000s ]
INFO: [ app_begin ] --END-- [ RunTime:0.001000s ]

[ 2017-09-28T15:08:42+08:00 ] ::1 /MyBlog/index.php/Home/Index/ajax_calen
INFO: [ app_begin ] --START--
INFO: Run Behavior\ReadHtmlCacheBehavior [ RunTime:0.001000s ]
INFO: [ app_begin ] --END-- [ RunTime:0.001000s ]

[ 2017-09-28T15:08:43+08:00 ] ::1 /MyBlog/index.php/Home/Index/ajax_calen
INFO: [ app_begin ] --START--
INFO: Run Behavior\ReadHtmlCacheBehavior [ RunTime:0.001000s ]
INFO: [ app_begin ] --END-- [ RunTime:0.001000s ]

[ 2017-09-28T15:08:43+08:00 ] ::1 /MyBlog/index.php/Home/Index/ajax_calen
INFO: [ app_begin ] --START--
INFO: Run Behavior\ReadHtmlCacheBehavior [ RunTime:0.001000s ]
INFO: [ app_begin ] --END-- [ RunTime:0.001000s ]

[ 2017-09-28T15:08:44+08:00 ] ::1 /MyBlog/index.php/Home/Index/ajax_calen
INFO: [ app_begin ] --START--
INFO: Run Behavior\ReadHtmlCacheBehavior [ RunTime:0.001000s ]
INFO: [ app_begin ] --END-- [ RunTime:0.001000s ]

[ 2017-09-28T15:08:45+08:00 ] ::1 /MyBlog/index.php/Home/Index/ajax_calen
INFO: [ app_begin ] --START--
INFO: Run Behavior\ReadHtmlCacheBehavior [ RunTime:0.000000s ]
INFO: [ app_begin ] --END-- [ RunTime:0.002000s ]

[ 2017-09-28T15:08:45+08:00 ] ::1 /MyBlog/index.php/Home/Index/ajax_calen
INFO: [ app_begin ] --START--
INFO: Run Behavior\ReadHtmlCacheBehavior [ RunTime:0.000000s ]
INFO: [ app_begin ] --END-- [ RunTime:0.001000s ]

[ 2017-09-28T15:08:46+08:00 ] ::1 /MyBlog/index.php/Home/Index/ajax_calen
INFO: [ app_begin ] --START--
INFO: Run Behavior\ReadHtmlCacheBehavior [ RunTime:0.000000s ]
INFO: [ app_begin ] --END-- [ RunTime:0.001000s ]

[ 2017-09-28T15:08:46+08:00 ] ::1 /MyBlog/index.php/Home/Index/ajax_calen
INFO: [ app_begin ] --START--
INFO: Run Behavior\ReadHtmlCacheBehavior [ RunTime:0.000000s ]
INFO: [ app_begin ] --END-- [ RunTime:0.002000s ]

[ 2017-09-28T15:08:47+08:00 ] ::1 /MyBlog/index.php/Home/Index/ajax_calen
INFO: [ app_begin ] --START--
INFO: Run Behavior\ReadHtmlCacheBehavior [ RunTime:0.001000s ]
INFO: [ app_begin ] --END-- [ RunTime:0.001000s ]

[ 2017-09-28T15:17:33+08:00 ] ::1 /MyBlog/index.php/Home/Index/ajax_calen
INFO: [ app_begin ] --START--
INFO: Run Behavior\ReadHtmlCacheBehavior [ RunTime:0.001001s ]
INFO: [ app_begin ] --END-- [ RunTime:0.001001s ]

[ 2017-09-28T15:17:34+08:00 ] ::1 /MyBlog/index.php/Home/Index/ajax_calen
INFO: [ app_begin ] --START--
INFO: Run Behavior\ReadHtmlCacheBehavior [ RunTime:0.001000s ]
INFO: [ app_begin ] --END-- [ RunTime:0.001000s ]

[ 2017-09-28T15:17:36+08:00 ] ::1 /MyBlog/index.php/Home/Index/ajax_calen
INFO: [ app_begin ] --START--
INFO: Run Behavior\ReadHtmlCacheBehavior [ RunTime:0.001000s ]
INFO: [ app_begin ] --END-- [ RunTime:0.001000s ]

[ 2017-09-28T15:17:37+08:00 ] ::1 /MyBlog/index.php/Home/Index/ajax_calen
INFO: [ app_begin ] --START--
INFO: Run Behavior\ReadHtmlCacheBehavior [ RunTime:0.001000s ]
INFO: [ app_begin ] --END-- [ RunTime:0.001000s ]

[ 2017-09-28T15:18:17+08:00 ] ::1 /MyBlog/index.php/Home/Index/ajax_calen
INFO: [ app_begin ] --START--
INFO: Run Behavior\ReadHtmlCacheBehavior [ RunTime:0.000000s ]
INFO: [ app_begin ] --END-- [ RunTime:0.001000s ]

[ 2017-09-28T15:18:18+08:00 ] ::1 /MyBlog/index.php/Home/Index/ajax_calen
INFO: [ app_begin ] --START--
INFO: Run Behavior\ReadHtmlCacheBehavior [ RunTime:0.001000s ]
INFO: [ app_begin ] --END-- [ RunTime:0.001000s ]

[ 2017-09-28T15:18:19+08:00 ] ::1 /MyBlog/index.php/Home/Index/ajax_calen
INFO: [ app_begin ] --START--
INFO: Run Behavior\ReadHtmlCacheBehavior [ RunTime:0.000000s ]
INFO: [ app_begin ] --END-- [ RunTime:0.001000s ]

[ 2017-09-28T15:18:20+08:00 ] ::1 /MyBlog/index.php/Home/Index/ajax_calen
INFO: [ app_begin ] --START--
INFO: Run Behavior\ReadHtmlCacheBehavior [ RunTime:0.001000s ]
INFO: [ app_begin ] --END-- [ RunTime:0.001000s ]

[ 2017-09-28T15:18:21+08:00 ] ::1 /MyBlog/index.php/Home/Index/ajax_calen
INFO: [ app_begin ] --START--
INFO: Run Behavior\ReadHtmlCacheBehavior [ RunTime:0.000000s ]
INFO: [ app_begin ] --END-- [ RunTime:0.001000s ]

[ 2017-09-28T15:25:36+08:00 ] ::1 /MyBlog/index.php/Home/Index/ajax_calen
INFO: [ app_begin ] --START--
INFO: Run Behavior\ReadHtmlCacheBehavior [ RunTime:0.000000s ]
INFO: [ app_begin ] --END-- [ RunTime:0.001000s ]

[ 2017-09-28T15:25:39+08:00 ] ::1 /MyBlog/index.php/Home/Index/ajax_calen
INFO: [ app_begin ] --START--
INFO: Run Behavior\ReadHtmlCacheBehavior [ RunTime:0.001001s ]
INFO: [ app_begin ] --END-- [ RunTime:0.001001s ]

[ 2017-09-28T15:25:53+08:00 ] ::1 /MyBlog/index.php/Home/Index/ajax_calen
INFO: [ app_begin ] --START--
INFO: Run Behavior\ReadHtmlCacheBehavior [ RunTime:0.001000s ]
INFO: [ app_begin ] --END-- [ RunTime:0.001000s ]

[ 2017-09-28T15:25:56+08:00 ] ::1 /MyBlog/index.php/Home/Index/ajax_calen
INFO: [ app_begin ] --START--
INFO: Run Behavior\ReadHtmlCacheBehavior [ RunTime:0.001000s ]
INFO: [ app_begin ] --END-- [ RunTime:0.002000s ]

[ 2017-09-28T15:26:28+08:00 ] ::1 /MyBlog/index.php/Home/Index/ajax_calen
INFO: [ app_begin ] --START--
INFO: Run Behavior\ReadHtmlCacheBehavior [ RunTime:0.001000s ]
INFO: [ app_begin ] --END-- [ RunTime:0.001000s ]

[ 2017-09-28T15:27:25+08:00 ] ::1 /MyBlog/index.php/Home/Index/ajax_calen
INFO: [ app_begin ] --START--
INFO: Run Behavior\ReadHtmlCacheBehavior [ RunTime:0.001000s ]
INFO: [ app_begin ] --END-- [ RunTime:0.001000s ]

[ 2017-09-28T15:27:26+08:00 ] ::1 /MyBlog/index.php/Home/Index/ajax_calen
INFO: [ app_begin ] --START--
INFO: Run Behavior\ReadHtmlCacheBehavior [ RunTime:0.001000s ]
INFO: [ app_begin ] --END-- [ RunTime:0.001000s ]

[ 2017-09-28T15:28:16+08:00 ] ::1 /MyBlog/index.php/Home/Index/ajax_calen
INFO: [ app_begin ] --START--
INFO: Run Behavior\ReadHtmlCacheBehavior [ RunTime:0.001000s ]
INFO: [ app_begin ] --END-- [ RunTime:0.001000s ]

[ 2017-09-28T15:28:17+08:00 ] ::1 /MyBlog/index.php/Home/Index/ajax_calen
INFO: [ app_begin ] --START--
INFO: Run Behavior\ReadHtmlCacheBehavior [ RunTime:0.000000s ]
INFO: [ app_begin ] --END-- [ RunTime:0.001000s ]

[ 2017-09-28T15:28:18+08:00 ] ::1 /MyBlog/index.php/Home/Index/ajax_calen
INFO: [ app_begin ] --START--
INFO: Run Behavior\ReadHtmlCacheBehavior [ RunTime:0.000000s ]
INFO: [ app_begin ] --END-- [ RunTime:0.001000s ]

[ 2017-09-28T15:28:19+08:00 ] ::1 /MyBlog/index.php/Home/Index/ajax_calen
INFO: [ app_begin ] --START--
INFO: Run Behavior\ReadHtmlCacheBehavior [ RunTime:0.001000s ]
INFO: [ app_begin ] --END-- [ RunTime:0.001000s ]

[ 2017-09-28T15:28:19+08:00 ] ::1 /MyBlog/index.php/Home/Index/ajax_calen
INFO: [ app_begin ] --START--
INFO: Run Behavior\ReadHtmlCacheBehavior [ RunTime:0.000000s ]
INFO: [ app_begin ] --END-- [ RunTime:0.001000s ]

[ 2017-09-28T15:28:20+08:00 ] ::1 /MyBlog/index.php/Home/Index/ajax_calen
INFO: [ app_begin ] --START--
INFO: Run Behavior\ReadHtmlCacheBehavior [ RunTime:0.001000s ]
INFO: [ app_begin ] --END-- [ RunTime:0.001000s ]

[ 2017-09-28T15:28:20+08:00 ] ::1 /MyBlog/index.php/Home/Index/ajax_calen
INFO: [ app_begin ] --START--
INFO: Run Behavior\ReadHtmlCacheBehavior [ RunTime:0.000000s ]
INFO: [ app_begin ] --END-- [ RunTime:0.001000s ]

[ 2017-09-28T15:28:21+08:00 ] ::1 /MyBlog/index.php/Home/Index/ajax_calen
INFO: [ app_begin ] --START--
INFO: Run Behavior\ReadHtmlCacheBehavior [ RunTime:0.001000s ]
INFO: [ app_begin ] --END-- [ RunTime:0.001000s ]

[ 2017-09-28T15:28:21+08:00 ] ::1 /MyBlog/index.php/Home/Index/ajax_calen
INFO: [ app_begin ] --START--
INFO: Run Behavior\ReadHtmlCacheBehavior [ RunTime:0.001000s ]
INFO: [ app_begin ] --END-- [ RunTime:0.001000s ]

[ 2017-09-28T15:28:21+08:00 ] ::1 /MyBlog/index.php/Home/Index/ajax_calen
INFO: [ app_begin ] --START--
INFO: Run Behavior\ReadHtmlCacheBehavior [ RunTime:0.000000s ]
INFO: [ app_begin ] --END-- [ RunTime:0.001000s ]

[ 2017-09-28T15:28:21+08:00 ] ::1 /MyBlog/index.php/Home/Index/ajax_calen
INFO: [ app_begin ] --START--
INFO: Run Behavior\ReadHtmlCacheBehavior [ RunTime:0.000000s ]
INFO: [ app_begin ] --END-- [ RunTime:0.001000s ]

[ 2017-09-28T15:28:21+08:00 ] ::1 /MyBlog/index.php/Home/Index/ajax_calen
INFO: [ app_begin ] --START--
INFO: Run Behavior\ReadHtmlCacheBehavior [ RunTime:0.001000s ]
INFO: [ app_begin ] --END-- [ RunTime:0.001000s ]

[ 2017-09-28T15:28:21+08:00 ] ::1 /MyBlog/index.php/Home/Index/ajax_calen
INFO: [ app_begin ] --START--
INFO: Run Behavior\ReadHtmlCacheBehavior [ RunTime:0.001000s ]
INFO: [ app_begin ] --END-- [ RunTime:0.001000s ]

[ 2017-09-28T15:28:22+08:00 ] ::1 /MyBlog/index.php/Home/Index/ajax_calen
INFO: [ app_begin ] --START--
INFO: Run Behavior\ReadHtmlCacheBehavior [ RunTime:0.001000s ]
INFO: [ app_begin ] --END-- [ RunTime:0.001000s ]

[ 2017-09-28T15:28:22+08:00 ] ::1 /MyBlog/index.php/Home/Index/ajax_calen
INFO: [ app_begin ] --START--
INFO: Run Behavior\ReadHtmlCacheBehavior [ RunTime:0.001000s ]
INFO: [ app_begin ] --END-- [ RunTime:0.001000s ]

[ 2017-09-28T15:28:23+08:00 ] ::1 /MyBlog/index.php/Home/Index/ajax_calen
INFO: [ app_begin ] --START--
INFO: Run Behavior\ReadHtmlCacheBehavior [ RunTime:0.001000s ]
INFO: [ app_begin ] --END-- [ RunTime:0.001000s ]

[ 2017-09-28T15:28:23+08:00 ] ::1 /MyBlog/index.php/Home/Index/ajax_calen
INFO: [ app_begin ] --START--
INFO: Run Behavior\ReadHtmlCacheBehavior [ RunTime:0.000000s ]
INFO: [ app_begin ] --END-- [ RunTime:0.002001s ]

[ 2017-09-28T15:28:23+08:00 ] ::1 /MyBlog/index.php/Home/Index/ajax_calen
INFO: [ app_begin ] --START--
INFO: Run Behavior\ReadHtmlCacheBehavior [ RunTime:0.001000s ]
INFO: [ app_begin ] --END-- [ RunTime:0.001000s ]

[ 2017-09-28T15:28:23+08:00 ] ::1 /MyBlog/index.php/Home/Index/ajax_calen
INFO: [ app_begin ] --START--
INFO: Run Behavior\ReadHtmlCacheBehavior [ RunTime:0.001000s ]
INFO: [ app_begin ] --END-- [ RunTime:0.001000s ]

[ 2017-09-28T15:28:25+08:00 ] ::1 /MyBlog/index.php/Home/Index/ajax_calen
INFO: [ app_begin ] --START--
INFO: Run Behavior\ReadHtmlCacheBehavior [ RunTime:0.001001s ]
INFO: [ app_begin ] --END-- [ RunTime:0.001001s ]

[ 2017-09-28T15:28:25+08:00 ] ::1 /MyBlog/index.php/Home/Index/ajax_calen
INFO: [ app_begin ] --START--
INFO: Run Behavior\ReadHtmlCacheBehavior [ RunTime:0.000000s ]
INFO: [ app_begin ] --END-- [ RunTime:0.001000s ]

[ 2017-09-28T15:28:26+08:00 ] ::1 /MyBlog/index.php/Home/Index/ajax_calen
INFO: [ app_begin ] --START--
INFO: Run Behavior\ReadHtmlCacheBehavior [ RunTime:0.001000s ]
INFO: [ app_begin ] --END-- [ RunTime:0.001000s ]

[ 2017-09-28T15:28:27+08:00 ] ::1 /MyBlog/index.php/Home/Index/ajax_calen
INFO: [ app_begin ] --START--
INFO: Run Behavior\ReadHtmlCacheBehavior [ RunTime:0.000000s ]
INFO: [ app_begin ] --END-- [ RunTime:0.001000s ]

[ 2017-09-28T15:28:27+08:00 ] ::1 /MyBlog/index.php/Home/Index/ajax_calen
INFO: [ app_begin ] --START--
INFO: Run Behavior\ReadHtmlCacheBehavior [ RunTime:0.000000s ]
INFO: [ app_begin ] --END-- [ RunTime:0.001000s ]

[ 2017-09-28T15:28:27+08:00 ] ::1 /MyBlog/index.php/Home/Index/ajax_calen
INFO: [ app_begin ] --START--
INFO: Run Behavior\ReadHtmlCacheBehavior [ RunTime:0.001000s ]
INFO: [ app_begin ] --END-- [ RunTime:0.001000s ]

[ 2017-09-28T15:28:30+08:00 ] ::1 /MyBlog/index.php/Home/Index/ajax_calen
INFO: [ app_begin ] --START--
INFO: Run Behavior\ReadHtmlCacheBehavior [ RunTime:0.000000s ]
INFO: [ app_begin ] --END-- [ RunTime:0.001000s ]

[ 2017-09-28T15:28:31+08:00 ] ::1 /MyBlog/index.php/Home/Index/ajax_calen
INFO: [ app_begin ] --START--
INFO: Run Behavior\ReadHtmlCacheBehavior [ RunTime:0.001000s ]
INFO: [ app_begin ] --END-- [ RunTime:0.001000s ]

[ 2017-09-28T15:57:10+08:00 ] ::1 /MyBlog/index.php/Home/Index/ajax_calen
INFO: [ app_begin ] --START--
INFO: Run Behavior\ReadHtmlCacheBehavior [ RunTime:0.001000s ]
INFO: [ app_begin ] --END-- [ RunTime:0.001000s ]

[ 2017-09-28T15:57:11+08:00 ] ::1 /MyBlog/index.php/Home/Index/ajax_calen
INFO: [ app_begin ] --START--
INFO: Run Behavior\ReadHtmlCacheBehavior [ RunTime:0.001000s ]
INFO: [ app_begin ] --END-- [ RunTime:0.001000s ]

[ 2017-09-28T15:59:53+08:00 ] ::1 /MyBlog/index.php/Home/Index/ajax_calen
INFO: [ app_begin ] --START--
INFO: Run Behavior\ReadHtmlCacheBehavior [ RunTime:0.000000s ]
INFO: [ app_begin ] --END-- [ RunTime:0.001000s ]

[ 2017-09-28T15:59:54+08:00 ] ::1 /MyBlog/index.php/Home/Index/ajax_calen
INFO: [ app_begin ] --START--
INFO: Run Behavior\ReadHtmlCacheBehavior [ RunTime:0.001000s ]
INFO: [ app_begin ] --END-- [ RunTime:0.002000s ]

[ 2017-09-28T16:25:28+08:00 ] ::1 /MyBlog/index.php/Home/Index/ajax_calen
INFO: [ app_begin ] --START--
INFO: Run Behavior\ReadHtmlCacheBehavior [ RunTime:0.000000s ]
INFO: [ app_begin ] --END-- [ RunTime:0.002000s ]

[ 2017-09-28T16:25:30+08:00 ] ::1 /MyBlog/index.php/Home/Index/ajax_calen
INFO: [ app_begin ] --START--
INFO: Run Behavior\ReadHtmlCacheBehavior [ RunTime:0.001000s ]
INFO: [ app_begin ] --END-- [ RunTime:0.001000s ]

[ 2017-09-28T16:25:30+08:00 ] ::1 /MyBlog/index.php/Home/Index/ajax_calen
INFO: [ app_begin ] --START--
INFO: Run Behavior\ReadHtmlCacheBehavior [ RunTime:0.001000s ]
INFO: [ app_begin ] --END-- [ RunTime:0.001000s ]

[ 2017-09-28T16:25:31+08:00 ] ::1 /MyBlog/index.php/Home/Index/ajax_calen
INFO: [ app_begin ] --START--
INFO: Run Behavior\ReadHtmlCacheBehavior [ RunTime:0.001000s ]
INFO: [ app_begin ] --END-- [ RunTime:0.001000s ]

[ 2017-09-28T16:25:33+08:00 ] ::1 /MyBlog/index.php/Home/Index/ajax_calen
INFO: [ app_begin ] --START--
INFO: Run Behavior\ReadHtmlCacheBehavior [ RunTime:0.000000s ]
INFO: [ app_begin ] --END-- [ RunTime:0.001000s ]

[ 2017-09-28T16:25:33+08:00 ] ::1 /MyBlog/index.php/Home/Index/ajax_calen
INFO: [ app_begin ] --START--
INFO: Run Behavior\ReadHtmlCacheBehavior [ RunTime:0.000000s ]
INFO: [ app_begin ] --END-- [ RunTime:0.001000s ]

[ 2017-09-28T16:25:34+08:00 ] ::1 /MyBlog/index.php/Home/Index/ajax_calen
INFO: [ app_begin ] --START--
INFO: Run Behavior\ReadHtmlCacheBehavior [ RunTime:0.000000s ]
INFO: [ app_begin ] --END-- [ RunTime:0.001001s ]

[ 2017-09-28T16:25:36+08:00 ] ::1 /MyBlog/index.php/Home/Index/ajax_calen
INFO: [ app_begin ] --START--
INFO: Run Behavior\ReadHtmlCacheBehavior [ RunTime:0.000000s ]
INFO: [ app_begin ] --END-- [ RunTime:0.001000s ]

[ 2017-09-28T16:25:38+08:00 ] ::1 /MyBlog/index.php/Home/Index/ajax_calen
INFO: [ app_begin ] --START--
INFO: Run Behavior\ReadHtmlCacheBehavior [ RunTime:0.000000s ]
INFO: [ app_begin ] --END-- [ RunTime:0.001000s ]

[ 2017-09-28T16:25:38+08:00 ] ::1 /MyBlog/index.php/Home/Index/ajax_calen
INFO: [ app_begin ] --START--
INFO: Run Behavior\ReadHtmlCacheBehavior [ RunTime:0.001000s ]
INFO: [ app_begin ] --END-- [ RunTime:0.001000s ]

[ 2017-09-28T16:25:40+08:00 ] ::1 /MyBlog/index.php/Home/Index/ajax_calen
INFO: [ app_begin ] --START--
INFO: Run Behavior\ReadHtmlCacheBehavior [ RunTime:0.001000s ]
INFO: [ app_begin ] --END-- [ RunTime:0.001000s ]

[ 2017-09-28T16:25:40+08:00 ] ::1 /MyBlog/index.php/Home/Index/ajax_calen
INFO: [ app_begin ] --START--
INFO: Run Behavior\ReadHtmlCacheBehavior [ RunTime:0.001001s ]
INFO: [ app_begin ] --END-- [ RunTime:0.001001s ]

[ 2017-09-28T16:49:27+08:00 ] ::1 /MyBlog/index.php/Home/Index/ajax_calen
INFO: [ app_begin ] --START--
INFO: Run Behavior\ReadHtmlCacheBehavior [ RunTime:0.001000s ]
INFO: [ app_begin ] --END-- [ RunTime:0.002000s ]

[ 2017-09-28T16:49:28+08:00 ] ::1 /MyBlog/index.php/Home/Index/ajax_calen
INFO: [ app_begin ] --START--
INFO: Run Behavior\ReadHtmlCacheBehavior [ RunTime:0.001000s ]
INFO: [ app_begin ] --END-- [ RunTime:0.001000s ]

[ 2017-09-28T16:49:29+08:00 ] ::1 /MyBlog/index.php/Home/Index/ajax_calen
INFO: [ app_begin ] --START--
INFO: Run Behavior\ReadHtmlCacheBehavior [ RunTime:0.000000s ]
INFO: [ app_begin ] --END-- [ RunTime:0.001000s ]

[ 2017-09-28T16:49:30+08:00 ] ::1 /MyBlog/index.php/Home/Index/ajax_calen
INFO: [ app_begin ] --START--
INFO: Run Behavior\ReadHtmlCacheBehavior [ RunTime:0.001000s ]
INFO: [ app_begin ] --END-- [ RunTime:0.001000s ]

[ 2017-09-28T16:49:30+08:00 ] ::1 /MyBlog/index.php/Home/Index/ajax_calen
INFO: [ app_begin ] --START--
INFO: Run Behavior\ReadHtmlCacheBehavior [ RunTime:0.001000s ]
INFO: [ app_begin ] --END-- [ RunTime:0.001000s ]

[ 2017-09-28T16:49:31+08:00 ] ::1 /MyBlog/index.php/Home/Index/ajax_calen
INFO: [ app_begin ] --START--
INFO: Run Behavior\ReadHtmlCacheBehavior [ RunTime:0.001000s ]
INFO: [ app_begin ] --END-- [ RunTime:0.001000s ]

[ 2017-09-28T16:49:31+08:00 ] ::1 /MyBlog/index.php/Home/Index/ajax_calen
INFO: [ app_begin ] --START--
INFO: Run Behavior\ReadHtmlCacheBehavior [ RunTime:0.000000s ]
INFO: [ app_begin ] --END-- [ RunTime:0.001000s ]

[ 2017-09-28T16:49:31+08:00 ] ::1 /MyBlog/index.php/Home/Index/ajax_calen
INFO: [ app_begin ] --START--
INFO: Run Behavior\ReadHtmlCacheBehavior [ RunTime:0.000000s ]
INFO: [ app_begin ] --END-- [ RunTime:0.001000s ]

[ 2017-09-28T16:49:31+08:00 ] ::1 /MyBlog/index.php/Home/Index/ajax_calen
INFO: [ app_begin ] --START--
INFO: Run Behavior\ReadHtmlCacheBehavior [ RunTime:0.000000s ]
INFO: [ app_begin ] --END-- [ RunTime:0.001000s ]

[ 2017-09-28T17:12:53+08:00 ] ::1 /MyBlog/index.php/Home/Index/ajax_vali_reg?tm=Thu%20Sep%2028%202017%2017:12:53%20GMT+0800%20(%E4%B8%AD%E5%9B%BD%E6%A0%87%E5%87%86%E6%97%B6%E9%97%B4)
INFO: [ app_begin ] --START--
INFO: Run Behavior\ReadHtmlCacheBehavior [ RunTime:0.000000s ]
INFO: [ app_begin ] --END-- [ RunTime:0.001000s ]
SQL: SHOW COLUMNS FROM `mb_user` [ RunTime:0.0010s ]
SQL: SELECT * FROM `mb_user` WHERE `username` = 'sdfdsf' LIMIT 1   [ RunTime:0.0000s ]

[ 2017-09-28T17:13:33+08:00 ] ::1 /MyBlog/index.php/Home/Index/ajax_vali_reg?tm=Thu%20Sep%2028%202017%2017:13:32%20GMT+0800%20(%E4%B8%AD%E5%9B%BD%E6%A0%87%E5%87%86%E6%97%B6%E9%97%B4)
INFO: [ app_begin ] --START--
INFO: Run Behavior\ReadHtmlCacheBehavior [ RunTime:0.001000s ]
INFO: [ app_begin ] --END-- [ RunTime:0.001000s ]
SQL: SHOW COLUMNS FROM `mb_user` [ RunTime:0.0010s ]
SQL: SELECT * FROM `mb_user` WHERE `username` = '额额和简爱' LIMIT 1   [ RunTime:0.0000s ]

[ 2017-09-28T17:14:35+08:00 ] ::1 /MyBlog/index.php/Home/Index/ajax_vali_reg?tm=Thu%20Sep%2028%202017%2017:14:35%20GMT+0800%20(%E4%B8%AD%E5%9B%BD%E6%A0%87%E5%87%86%E6%97%B6%E9%97%B4)
INFO: [ app_begin ] --START--
INFO: Run Behavior\ReadHtmlCacheBehavior [ RunTime:0.001000s ]
INFO: [ app_begin ] --END-- [ RunTime:0.002000s ]
SQL: SHOW COLUMNS FROM `mb_user` [ RunTime:0.0010s ]
SQL: SELECT * FROM `mb_user` WHERE `username` = '额额和简爱' LIMIT 1   [ RunTime:0.0010s ]

[ 2017-09-28T17:15:18+08:00 ] ::1 /MyBlog/index.php/Home/Index/ajax_calen
INFO: [ app_begin ] --START--
INFO: Run Behavior\ReadHtmlCacheBehavior [ RunTime:0.001000s ]
INFO: [ app_begin ] --END-- [ RunTime:0.001000s ]

[ 2017-09-28T17:15:19+08:00 ] ::1 /MyBlog/index.php/Home/Index/ajax_calen
INFO: [ app_begin ] --START--
INFO: Run Behavior\ReadHtmlCacheBehavior [ RunTime:0.001000s ]
INFO: [ app_begin ] --END-- [ RunTime:0.001000s ]

[ 2017-09-28T17:15:20+08:00 ] ::1 /MyBlog/index.php/Home/Index/ajax_calen
INFO: [ app_begin ] --START--
INFO: Run Behavior\ReadHtmlCacheBehavior [ RunTime:0.001000s ]
INFO: [ app_begin ] --END-- [ RunTime:0.002000s ]

[ 2017-09-28T17:15:20+08:00 ] ::1 /MyBlog/index.php/Home/Index/ajax_calen
INFO: [ app_begin ] --START--
INFO: Run Behavior\ReadHtmlCacheBehavior [ RunTime:0.001000s ]
INFO: [ app_begin ] --END-- [ RunTime:0.002000s ]

[ 2017-09-28T17:15:20+08:00 ] ::1 /MyBlog/index.php/Home/Index/ajax_calen
INFO: [ app_begin ] --START--
INFO: Run Behavior\ReadHtmlCacheBehavior [ RunTime:0.001000s ]
INFO: [ app_begin ] --END-- [ RunTime:0.001000s ]

[ 2017-09-28T17:15:22+08:00 ] ::1 /MyBlog/index.php/Home/Index/ajax_calen
INFO: [ app_begin ] --START--
INFO: Run Behavior\ReadHtmlCacheBehavior [ RunTime:0.000000s ]
INFO: [ app_begin ] --END-- [ RunTime:0.001000s ]

[ 2017-09-28T17:15:22+08:00 ] ::1 /MyBlog/index.php/Home/Index/ajax_calen
INFO: [ app_begin ] --START--
INFO: Run Behavior\ReadHtmlCacheBehavior [ RunTime:0.001000s ]
INFO: [ app_begin ] --END-- [ RunTime:0.001000s ]

[ 2017-09-28T17:15:22+08:00 ] ::1 /MyBlog/index.php/Home/Index/ajax_calen
INFO: [ app_begin ] --START--
INFO: Run Behavior\ReadHtmlCacheBehavior [ RunTime:0.000000s ]
INFO: [ app_begin ] --END-- [ RunTime:0.001000s ]

[ 2017-09-28T17:30:14+08:00 ] ::1 /MyBlog/index.php/Home/Index/ueditor.config.js
ERR: 非法操作:ueditor.config.js

[ 2017-09-28T17:30:14+08:00 ] ::1 /MyBlog/index.php/Home/Index/lang/zh-cn/zh-cn.js
ERR: 非法操作:lang

[ 2017-09-28T17:30:14+08:00 ] ::1 /MyBlog/index.php/Home/Index/ueditor.all.min.js
ERR: 非法操作:ueditor.all.min.js

[ 2017-09-28T17:30:14+08:00 ] ::1 /MyBlog/index.php/Home/Index/lang/zh-cn/zh-cn.js
ERR: 非法操作:lang

[ 2017-09-28T17:30:19+08:00 ] ::1 /MyBlog/index.php/Home/Index/lang/zh-cn/zh-cn.js
ERR: 非法操作:lang

[ 2017-09-28T17:30:19+08:00 ] ::1 /MyBlog/index.php/Home/Index/ueditor.all.min.js
ERR: 非法操作:ueditor.all.min.js

[ 2017-09-28T17:30:19+08:00 ] ::1 /MyBlog/index.php/Home/Index/ueditor.config.js
ERR: 非法操作:ueditor.config.js

[ 2017-09-28T17:30:19+08:00 ] ::1 /MyBlog/index.php/Home/Index/ueditor.all.min.js
ERR: 非法操作:ueditor.all.min.js

[ 2017-09-28T17:30:19+08:00 ] ::1 /MyBlog/index.php/Home/Index/lang/zh-cn/zh-cn.js
ERR: 非法操作:lang

[ 2017-09-28T17:30:20+08:00 ] ::1 /MyBlog/index.php/Home/Index/ueditor.all.min.js
ERR: 非法操作:ueditor.all.min.js

[ 2017-09-28T17:30:20+08:00 ] ::1 /MyBlog/index.php/Home/Index/lang/zh-cn/zh-cn.js
ERR: 非法操作:lang

[ 2017-09-28T17:30:20+08:00 ] ::1 /MyBlog/index.php/Home/Index/ueditor.config.js
ERR: 非法操作:ueditor.config.js

[ 2017-09-28T17:30:21+08:00 ] ::1 /MyBlog/index.php/Home/Index/ueditor.config.js
ERR: 非法操作:ueditor.config.js

[ 2017-09-28T17:30:21+08:00 ] ::1 /MyBlog/index.php/Home/Index/ueditor.all.min.js
ERR: 非法操作:ueditor.all.min.js

[ 2017-09-28T17:30:21+08:00 ] ::1 /MyBlog/index.php/Home/Index/lang/zh-cn/zh-cn.js
ERR: 非法操作:lang

[ 2017-09-28T17:31:19+08:00 ] ::1 /MyBlog/index.php/Home/Index/ueditor.all.min.js
ERR: 非法操作:ueditor.all.min.js

[ 2017-09-28T17:31:19+08:00 ] ::1 /MyBlog/index.php/Home/Index/ueditor.config.js
ERR: 非法操作:ueditor.config.js

[ 2017-09-28T17:31:19+08:00 ] ::1 /MyBlog/index.php/Home/Index/lang/zh-cn/zh-cn.js
ERR: 非法操作:lang

[ 2017-09-28T17:31:19+08:00 ] ::1 /MyBlog/index.php/Home/Index/ueditor.config.js
ERR: 非法操作:ueditor.config.js

[ 2017-09-28T17:31:19+08:00 ] ::1 /MyBlog/index.php/Home/Index/ueditor.all.min.js
ERR: 非法操作:ueditor.all.min.js

[ 2017-09-28T17:31:19+08:00 ] ::1 /MyBlog/index.php/Home/Index/lang/zh-cn/zh-cn.js
ERR: 非法操作:lang

[ 2017-09-28T17:31:23+08:00 ] ::1 /MyBlog/index.php/Home/Index/lang/zh-cn/zh-cn.js
ERR: 非法操作:lang

[ 2017-09-28T17:31:23+08:00 ] ::1 /MyBlog/index.php/Home/Index/ueditor.config.js
ERR: 非法操作:ueditor.config.js

[ 2017-09-28T17:31:23+08:00 ] ::1 /MyBlog/index.php/Home/Index/ueditor.all.min.js
ERR: 非法操作:ueditor.all.min.js

[ 2017-09-28T17:31:23+08:00 ] ::1 /MyBlog/index.php/Home/Index/ueditor.config.js
ERR: 非法操作:ueditor.config.js

[ 2017-09-28T17:31:23+08:00 ] ::1 /MyBlog/index.php/Home/Index/ueditor.all.min.js
ERR: 非法操作:ueditor.all.min.js

[ 2017-09-28T17:31:23+08:00 ] ::1 /MyBlog/index.php/Home/Index/lang/zh-cn/zh-cn.js
ERR: 非法操作:lang

[ 2017-09-28T17:32:02+08:00 ] ::1 /MyBlog/index.php/Home/Index/lang/zh-cn/zh-cn.js
ERR: 非法操作:lang

[ 2017-09-28T17:32:02+08:00 ] ::1 /MyBlog/index.php/Home/Index/ueditor.all.min.js
ERR: 非法操作:ueditor.all.min.js

[ 2017-09-28T17:32:02+08:00 ] ::1 /MyBlog/index.php/Home/Index/ueditor.config.js
ERR: 非法操作:ueditor.config.js

[ 2017-09-28T17:32:02+08:00 ] ::1 /MyBlog/index.php/Home/Index/ueditor.all.min.js
ERR: 非法操作:ueditor.all.min.js

[ 2017-09-28T17:32:02+08:00 ] ::1 /MyBlog/index.php/Home/Index/lang/zh-cn/zh-cn.js
ERR: 非法操作:lang

[ 2017-09-28T17:32:02+08:00 ] ::1 /MyBlog/index.php/Home/Index/ueditor.config.js
ERR: 非法操作:ueditor.config.js

[ 2017-09-28T17:32:02+08:00 ] ::1 /MyBlog/index.php/Home/Index/lang/zh-cn/zh-cn.js
ERR: 非法操作:lang

[ 2017-09-28T17:32:02+08:00 ] ::1 /MyBlog/index.php/Home/Index/ueditor.all.min.js
ERR: 非法操作:ueditor.all.min.js

[ 2017-09-28T17:32:02+08:00 ] ::1 /MyBlog/index.php/Home/Index/lang/zh-cn/zh-cn.js
ERR: 非法操作:lang

[ 2017-09-28T17:32:03+08:00 ] ::1 /MyBlog/index.php/Home/Index/ueditor.all.min.js
ERR: 非法操作:ueditor.all.min.js

[ 2017-09-28T17:32:03+08:00 ] ::1 /MyBlog/index.php/Home/Index/lang/zh-cn/zh-cn.js
ERR: 非法操作:lang

[ 2017-09-28T17:32:03+08:00 ] ::1 /MyBlog/index.php/Home/Index/ueditor.config.js
ERR: 非法操作:ueditor.config.js

[ 2017-09-28T17:32:03+08:00 ] ::1 /MyBlog/index.php/Home/Index/ueditor.config.js
ERR: 非法操作:ueditor.config.js

[ 2017-09-28T17:32:03+08:00 ] ::1 /MyBlog/index.php/Home/Index/ueditor.all.min.js
ERR: 非法操作:ueditor.all.min.js

[ 2017-09-28T17:32:03+08:00 ] ::1 /MyBlog/index.php/Home/Index/lang/zh-cn/zh-cn.js
ERR: 非法操作:lang

[ 2017-09-28T17:34:57+08:00 ] ::1 /MyBlog/index.php/Home/Index/ueditor.config.js
ERR: 非法操作:ueditor.config.js

[ 2017-09-28T17:34:57+08:00 ] ::1 /MyBlog/index.php/Home/Index/lang/zh-cn/zh-cn.js
ERR: 非法操作:lang

[ 2017-09-28T17:34:57+08:00 ] ::1 /MyBlog/index.php/Home/Index/ueditor.all.min.js
ERR: 非法操作:ueditor.all.min.js

[ 2017-09-28T17:34:57+08:00 ] ::1 /MyBlog/index.php/Home/Index/lang/zh-cn/zh-cn.js
ERR: 非法操作:lang

[ 2017-09-28T17:35:00+08:00 ] ::1 /MyBlog/index.php/Home/Index/lang/zh-cn/zh-cn.js
ERR: 非法操作:lang

[ 2017-09-28T17:35:00+08:00 ] ::1 /MyBlog/index.php/Home/Index/ueditor.all.min.js
ERR: 非法操作:ueditor.all.min.js

[ 2017-09-28T17:35:00+08:00 ] ::1 /MyBlog/index.php/Home/Index/ueditor.config.js
ERR: 非法操作:ueditor.config.js

[ 2017-09-28T17:35:00+08:00 ] ::1 /MyBlog/index.php/Home/Index/ueditor.config.js
ERR: 非法操作:ueditor.config.js

[ 2017-09-28T17:35:00+08:00 ] ::1 /MyBlog/index.php/Home/Index/ueditor.all.min.js
ERR: 非法操作:ueditor.all.min.js

[ 2017-09-28T17:35:00+08:00 ] ::1 /MyBlog/index.php/Home/Index/lang/zh-cn/zh-cn.js
ERR: 非法操作:lang

[ 2017-09-28T19:31:17+08:00 ] ::1 /MyBlog/index.php/Home/Index/single?title=15
INFO: [ app_init ] --START--
INFO: Run Behavior\BuildLiteBehavior [ RunTime:0.000000s ]
INFO: [ app_init ] --END-- [ RunTime:0.000000s ]
INFO: [ app_begin ] --START--
INFO: Run Behavior\ReadHtmlCacheBehavior [ RunTime:0.001000s ]
INFO: [ app_begin ] --END-- [ RunTime:0.001000s ]
SQL: SHOW COLUMNS FROM `mb_post` [ RunTime:0.0010s ]
SQL: SHOW COLUMNS FROM `mb_user` [ RunTime:0.0010s ]
SQL: SELECT * FROM `mb_user` WHERE `login_id` = '4b7e092d0abd7236d7e90d84602f176b68e84fbc' LIMIT 1   [ RunTime:0.0010s ]
SQL: SELECT * FROM `mb_post` WHERE `id` = 15 LIMIT 1   [ RunTime:0.0010s ]
SQL: UPDATE `mb_post` SET `hot_num`=hot_num+1 WHERE `id` = 15 [ RunTime:0.0000s ]
NOTIC: [8] Undefined offset: 0 D:\wamp64\www\MyBlog\Application\Home\Controller\IndexController.class.php 第 86 行.
SQL: SELECT * FROM `mb_post` WHERE ( id<15 ) ORDER BY id desc LIMIT 1   [ RunTime:0.0010s ]
SQL: SELECT * FROM `mb_post` WHERE ( id>15 ) ORDER BY id asc LIMIT 1   [ RunTime:0.0000s ]
INFO: [ view_parse ] --START--
INFO: [ template_filter ] --START--
INFO: Run Behavior\ContentReplaceBehavior [ RunTime:0.000000s ]
INFO: [ template_filter ] --END-- [ RunTime:0.001000s ]
NOTIC: [8] Undefined variable: hello D:\wamp64\www\MyBlog\Application\Runtime\Cache\Home\50769c75c60b8e3fa473828c519cfee2.php 第 60 行.
NOTIC: [8] Undefined index: test D:\wamp64\www\MyBlog\Application\Runtime\Cache\Home\50769c75c60b8e3fa473828c519cfee2.php 第 74 行.
INFO: Run Behavior\ParseTemplateBehavior [ RunTime:0.019001s ]
INFO: [ view_parse ] --END-- [ RunTime:0.020001s ]
INFO: [ view_filter ] --START--
INFO: Run Behavior\WriteHtmlCacheBehavior [ RunTime:0.000000s ]
INFO: [ view_filter ] --END-- [ RunTime:0.000000s ]
INFO: [ app_end ] --START--
INFO: Run Behavior\ShowPageTraceBehavior [ RunTime:0.001000s ]
INFO: [ app_end ] --END-- [ RunTime:0.001000s ]

[ 2017-09-28T19:32:48+08:00 ] ::1 /MyBlog/index.php/Home/Index/single?title=15
INFO: [ app_init ] --START--
INFO: Run Behavior\BuildLiteBehavior [ RunTime:0.000000s ]
INFO: [ app_init ] --END-- [ RunTime:0.000000s ]
INFO: [ app_begin ] --START--
INFO: Run Behavior\ReadHtmlCacheBehavior [ RunTime:0.000000s ]
INFO: [ app_begin ] --END-- [ RunTime:0.001000s ]
SQL: SHOW COLUMNS FROM `mb_post` [ RunTime:0.0010s ]
SQL: SHOW COLUMNS FROM `mb_user` [ RunTime:0.0010s ]
SQL: SELECT * FROM `mb_user` WHERE `login_id` = '4b7e092d0abd7236d7e90d84602f176b68e84fbc' LIMIT 1   [ RunTime:0.0000s ]
SQL: SELECT * FROM `mb_post` WHERE `id` = 15 LIMIT 1   [ RunTime:0.0010s ]
SQL: UPDATE `mb_post` SET `hot_num`=hot_num+1 WHERE `id` = 15 [ RunTime:0.0000s ]
NOTIC: [8] Undefined offset: 0 D:\wamp64\www\MyBlog\Application\Home\Controller\IndexController.class.php 第 86 行.
SQL: SELECT * FROM `mb_post` WHERE ( id<15 ) ORDER BY id desc LIMIT 1   [ RunTime:0.0010s ]
SQL: SELECT * FROM `mb_post` WHERE ( id>15 ) ORDER BY id asc LIMIT 1   [ RunTime:0.0000s ]
INFO: [ view_parse ] --START--
INFO: [ template_filter ] --START--
INFO: Run Behavior\ContentReplaceBehavior [ RunTime:0.000000s ]
INFO: [ template_filter ] --END-- [ RunTime:0.000000s ]
NOTIC: [8] Undefined variable: hello D:\wamp64\www\MyBlog\Application\Runtime\Cache\Home\50769c75c60b8e3fa473828c519cfee2.php 第 60 行.
NOTIC: [8] Undefined index: test D:\wamp64\www\MyBlog\Application\Runtime\Cache\Home\50769c75c60b8e3fa473828c519cfee2.php 第 74 行.
INFO: Run Behavior\ParseTemplateBehavior [ RunTime:0.019001s ]
INFO: [ view_parse ] --END-- [ RunTime:0.019001s ]
INFO: [ view_filter ] --START--
INFO: Run Behavior\WriteHtmlCacheBehavior [ RunTime:0.000000s ]
INFO: [ view_filter ] --END-- [ RunTime:0.001000s ]
INFO: [ app_end ] --START--
INFO: Run Behavior\ShowPageTraceBehavior [ RunTime:0.001000s ]
INFO: [ app_end ] --END-- [ RunTime:0.001000s ]

[ 2017-09-28T21:13:56+08:00 ] ::1 /MyBlog/index.php/Home/Index/single?title=15
INFO: [ app_init ] --START--
INFO: Run Behavior\BuildLiteBehavior [ RunTime:0.000000s ]
INFO: [ app_init ] --END-- [ RunTime:0.001000s ]
INFO: [ app_begin ] --START--
INFO: Run Behavior\ReadHtmlCacheBehavior [ RunTime:0.001000s ]
INFO: [ app_begin ] --END-- [ RunTime:0.002000s ]
SQL: SHOW COLUMNS FROM `mb_post` [ RunTime:0.0010s ]
SQL: SHOW COLUMNS FROM `mb_user` [ RunTime:0.0000s ]
SQL: SELECT * FROM `mb_user` WHERE `login_id` = '4b7e092d0abd7236d7e90d84602f176b68e84fbc' LIMIT 1   [ RunTime:0.0000s ]
SQL: SELECT * FROM `mb_post` WHERE `id` = 15 LIMIT 1   [ RunTime:0.0000s ]
SQL: UPDATE `mb_post` SET `hot_num`=hot_num+1 WHERE `id` = 15 [ RunTime:0.0000s ]
NOTIC: [8] Undefined offset: 0 D:\wamp64\www\MyBlog\Application\Home\Controller\IndexController.class.php 第 86 行.
SQL: SELECT * FROM `mb_post` WHERE ( id<15 ) ORDER BY id desc LIMIT 1   [ RunTime:0.0010s ]
SQL: SELECT * FROM `mb_post` WHERE ( id>15 ) ORDER BY id asc LIMIT 1   [ RunTime:0.0000s ]
INFO: [ view_parse ] --START--
INFO: [ template_filter ] --START--
INFO: Run Behavior\ContentReplaceBehavior [ RunTime:0.000000s ]
INFO: [ template_filter ] --END-- [ RunTime:0.000000s ]
NOTIC: [8] Undefined variable: hello D:\wamp64\www\MyBlog\Application\Runtime\Cache\Home\50769c75c60b8e3fa473828c519cfee2.php 第 60 行.
NOTIC: [8] Undefined index: test D:\wamp64\www\MyBlog\Application\Runtime\Cache\Home\50769c75c60b8e3fa473828c519cfee2.php 第 74 行.
INFO: Run Behavior\ParseTemplateBehavior [ RunTime:0.021001s ]
INFO: [ view_parse ] --END-- [ RunTime:0.021001s ]
INFO: [ view_filter ] --START--
INFO: Run Behavior\WriteHtmlCacheBehavior [ RunTime:0.001000s ]
INFO: [ view_filter ] --END-- [ RunTime:0.001000s ]
INFO: [ app_end ] --START--
INFO: Run Behavior\ShowPageTraceBehavior [ RunTime:0.001000s ]
INFO: [ app_end ] --END-- [ RunTime:0.002000s ]

