[ 2017-09-27T09:58:56+08:00 ] ::1 /MyBlog/index.php/Home/Index/test?un=sdf
INFO: [ app_begin ] --START--
INFO: Run Behavior\ReadHtmlCacheBehavior [ RunTime:0.001000s ]
INFO: [ app_begin ] --END-- [ RunTime:0.001000s ]
SQL: SHOW COLUMNS FROM `mb_user` [ RunTime:0.0300s ]

[ 2017-09-27T09:59:02+08:00 ] ::1 /MyBlog/index.php/Home/Index/test?un=sdff
INFO: [ app_begin ] --START--
INFO: Run Behavior\ReadHtmlCacheBehavior [ RunTime:0.001000s ]
INFO: [ app_begin ] --END-- [ RunTime:0.001000s ]
SQL: SHOW COLUMNS FROM `mb_user` [ RunTime:0.0000s ]

[ 2017-09-27T10:04:47+08:00 ] ::1 /MyBlog/index.php/Home/Index/test?un=sdf
INFO: [ app_begin ] --START--
INFO: Run Behavior\ReadHtmlCacheBehavior [ RunTime:0.000000s ]
INFO: [ app_begin ] --END-- [ RunTime:0.001000s ]
INFO: [ view_parse ] --START--
INFO: [ template_filter ] --START--
INFO: Run Behavior\ContentReplaceBehavior [ RunTime:0.000000s ]
INFO: [ template_filter ] --END-- [ RunTime:0.000000s ]
INFO: Run Behavior\ParseTemplateBehavior [ RunTime:0.006000s ]
INFO: [ view_parse ] --END-- [ RunTime:0.006000s ]
INFO: [ view_filter ] --START--
INFO: Run Behavior\WriteHtmlCacheBehavior [ RunTime:0.000000s ]
INFO: [ view_filter ] --END-- [ RunTime:0.000000s ]
INFO: [ app_end ] --START--
INFO: Run Behavior\ShowPageTraceBehavior [ RunTime:0.000000s ]
INFO: [ app_end ] --END-- [ RunTime:0.000000s ]

[ 2017-09-27T10:13:43+08:00 ] ::1 /MyBlog/index.php/Home/Index/test?un=dsf
INFO: [ app_begin ] --START--
INFO: Run Behavior\ReadHtmlCacheBehavior [ RunTime:0.001001s ]
INFO: [ app_begin ] --END-- [ RunTime:0.001001s ]
INFO: [ view_parse ] --START--
INFO: [ template_filter ] --START--
INFO: Run Behavior\ContentReplaceBehavior [ RunTime:0.000000s ]
INFO: [ template_filter ] --END-- [ RunTime:0.001000s ]
INFO: Run Behavior\ParseTemplateBehavior [ RunTime:0.007000s ]
INFO: [ view_parse ] --END-- [ RunTime:0.007000s ]
INFO: [ view_filter ] --START--
INFO: Run Behavior\WriteHtmlCacheBehavior [ RunTime:0.000000s ]
INFO: [ view_filter ] --END-- [ RunTime:0.000000s ]
INFO: [ app_end ] --START--
INFO: Run Behavior\ShowPageTraceBehavior [ RunTime:0.001000s ]
INFO: [ app_end ] --END-- [ RunTime:0.001000s ]

[ 2017-09-27T10:14:12+08:00 ] ::1 /MyBlog/index.php/Home/Index/test?un=sdf
INFO: [ app_begin ] --START--
INFO: Run Behavior\ReadHtmlCacheBehavior [ RunTime:0.001000s ]
INFO: [ app_begin ] --END-- [ RunTime:0.001000s ]
INFO: [ view_parse ] --START--
INFO: [ template_filter ] --START--
INFO: Run Behavior\ContentReplaceBehavior [ RunTime:0.000000s ]
INFO: [ template_filter ] --END-- [ RunTime:0.000000s ]
INFO: Run Behavior\ParseTemplateBehavior [ RunTime:0.007001s ]
INFO: [ view_parse ] --END-- [ RunTime:0.007001s ]
INFO: [ view_filter ] --START--
INFO: Run Behavior\WriteHtmlCacheBehavior [ RunTime:0.000000s ]
INFO: [ view_filter ] --END-- [ RunTime:0.001000s ]
INFO: [ app_end ] --START--
INFO: Run Behavior\ShowPageTraceBehavior [ RunTime:0.000000s ]
INFO: [ app_end ] --END-- [ RunTime:0.000000s ]

[ 2017-09-27T10:16:40+08:00 ] ::1 /MyBlog/index.php/Home/Index/test?un=sfsd
INFO: [ app_begin ] --START--
INFO: Run Behavior\ReadHtmlCacheBehavior [ RunTime:0.000000s ]
INFO: [ app_begin ] --END-- [ RunTime:0.002000s ]
INFO: [ view_parse ] --START--
INFO: [ template_filter ] --START--
INFO: Run Behavior\ContentReplaceBehavior [ RunTime:0.000000s ]
INFO: [ template_filter ] --END-- [ RunTime:0.000000s ]
INFO: Run Behavior\ParseTemplateBehavior [ RunTime:0.006000s ]
INFO: [ view_parse ] --END-- [ RunTime:0.006000s ]
INFO: [ view_filter ] --START--
INFO: Run Behavior\WriteHtmlCacheBehavior [ RunTime:0.001000s ]
INFO: [ view_filter ] --END-- [ RunTime:0.001000s ]
INFO: [ app_end ] --START--
INFO: Run Behavior\ShowPageTraceBehavior [ RunTime:0.001000s ]
INFO: [ app_end ] --END-- [ RunTime:0.001000s ]

[ 2017-09-27T10:16:55+08:00 ] ::1 /MyBlog/index.php/Home/Index/test_ajax?un=sfsd
INFO: [ app_begin ] --START--
INFO: Run Behavior\ReadHtmlCacheBehavior [ RunTime:0.000000s ]
INFO: [ app_begin ] --END-- [ RunTime:0.002000s ]
SQL: SHOW COLUMNS FROM `mb_user` [ RunTime:0.0020s ]
INFO: [ app_end ] --START--
INFO: Run Behavior\ShowPageTraceBehavior [ RunTime:0.001001s ]
INFO: [ app_end ] --END-- [ RunTime:0.001001s ]

[ 2017-09-27T10:17:40+08:00 ] ::1 /MyBlog/index.php/Home/Index/test_ajax?un=asdf
INFO: [ app_begin ] --START--
INFO: Run Behavior\ReadHtmlCacheBehavior [ RunTime:0.001000s ]
INFO: [ app_begin ] --END-- [ RunTime:0.002000s ]
SQL: SHOW COLUMNS FROM `mb_user` [ RunTime:0.0010s ]
INFO: [ app_end ] --START--
INFO: Run Behavior\ShowPageTraceBehavior [ RunTime:0.001000s ]
INFO: [ app_end ] --END-- [ RunTime:0.001000s ]

[ 2017-09-27T10:22:44+08:00 ] ::1 /MyBlog/index.php/Home/Index/test?un=sdfsd
INFO: [ app_begin ] --START--
INFO: Run Behavior\ReadHtmlCacheBehavior [ RunTime:0.001000s ]
INFO: [ app_begin ] --END-- [ RunTime:0.001000s ]
INFO: [ view_parse ] --START--
INFO: [ template_filter ] --START--
INFO: Run Behavior\ContentReplaceBehavior [ RunTime:0.000000s ]
INFO: [ template_filter ] --END-- [ RunTime:0.000000s ]
INFO: Run Behavior\ParseTemplateBehavior [ RunTime:0.006000s ]
INFO: [ view_parse ] --END-- [ RunTime:0.006000s ]
INFO: [ view_filter ] --START--
INFO: Run Behavior\WriteHtmlCacheBehavior [ RunTime:0.001000s ]
INFO: [ view_filter ] --END-- [ RunTime:0.001000s ]
INFO: [ app_end ] --START--
INFO: Run Behavior\ShowPageTraceBehavior [ RunTime:0.001000s ]
INFO: [ app_end ] --END-- [ RunTime:0.001000s ]

[ 2017-09-27T10:23:58+08:00 ] ::1 /MyBlog/index.php/Home/Index/test?un=sdfds
INFO: [ app_begin ] --START--
INFO: Run Behavior\ReadHtmlCacheBehavior [ RunTime:0.000000s ]
INFO: [ app_begin ] --END-- [ RunTime:0.001000s ]
INFO: [ view_parse ] --START--
INFO: [ template_filter ] --START--
INFO: Run Behavior\ContentReplaceBehavior [ RunTime:0.001000s ]
INFO: [ template_filter ] --END-- [ RunTime:0.001000s ]
INFO: Run Behavior\ParseTemplateBehavior [ RunTime:0.011001s ]
INFO: [ view_parse ] --END-- [ RunTime:0.011001s ]
INFO: [ view_filter ] --START--
INFO: Run Behavior\WriteHtmlCacheBehavior [ RunTime:0.001000s ]
INFO: [ view_filter ] --END-- [ RunTime:0.001000s ]
INFO: [ app_end ] --START--
INFO: Run Behavior\ShowPageTraceBehavior [ RunTime:0.000000s ]
INFO: [ app_end ] --END-- [ RunTime:0.001000s ]

[ 2017-09-27T10:24:07+08:00 ] ::1 /MyBlog/index.php/Home/Index/test_ajax?un=sdfsd
INFO: [ app_begin ] --START--
INFO: Run Behavior\ReadHtmlCacheBehavior [ RunTime:0.000000s ]
INFO: [ app_begin ] --END-- [ RunTime:0.002000s ]
SQL: SHOW COLUMNS FROM `mb_user` [ RunTime:0.0010s ]
INFO: [ app_end ] --START--
INFO: Run Behavior\ShowPageTraceBehavior [ RunTime:0.001000s ]
INFO: [ app_end ] --END-- [ RunTime:0.001000s ]

[ 2017-09-27T10:24:14+08:00 ] ::1 /MyBlog/index.php/Home/Index/test_ajax?un=sdfs
INFO: [ app_begin ] --START--
INFO: Run Behavior\ReadHtmlCacheBehavior [ RunTime:0.001000s ]
INFO: [ app_begin ] --END-- [ RunTime:0.002001s ]
SQL: SHOW COLUMNS FROM `mb_user` [ RunTime:0.0010s ]
INFO: [ app_end ] --START--
INFO: Run Behavior\ShowPageTraceBehavior [ RunTime:0.000000s ]
INFO: [ app_end ] --END-- [ RunTime:0.001000s ]

[ 2017-09-27T10:24:39+08:00 ] ::1 /MyBlog/index.php/Home/Index/test_ajax?un=dsfds
INFO: [ app_begin ] --START--
INFO: Run Behavior\ReadHtmlCacheBehavior [ RunTime:0.000000s ]
INFO: [ app_begin ] --END-- [ RunTime:0.001000s ]
SQL: SHOW COLUMNS FROM `mb_user` [ RunTime:0.0010s ]
INFO: [ app_end ] --START--
INFO: Run Behavior\ShowPageTraceBehavior [ RunTime:0.001000s ]
INFO: [ app_end ] --END-- [ RunTime:0.001000s ]

[ 2017-09-27T10:24:57+08:00 ] ::1 /MyBlog/index.php/Home/Index/test_ajax?un=sdfsd
INFO: [ app_begin ] --START--
INFO: Run Behavior\ReadHtmlCacheBehavior [ RunTime:0.001000s ]
INFO: [ app_begin ] --END-- [ RunTime:0.001000s ]
SQL: SHOW COLUMNS FROM `mb_user` [ RunTime:0.0010s ]
INFO: [ app_end ] --START--
INFO: Run Behavior\ShowPageTraceBehavior [ RunTime:0.001001s ]
INFO: [ app_end ] --END-- [ RunTime:0.001001s ]

[ 2017-09-27T10:25:21+08:00 ] ::1 /MyBlog/index.php/Home/Index/test_ajax?un=sdfsd
INFO: [ app_begin ] --START--
INFO: Run Behavior\ReadHtmlCacheBehavior [ RunTime:0.000000s ]
INFO: [ app_begin ] --END-- [ RunTime:0.001000s ]
SQL: SHOW COLUMNS FROM `mb_user` [ RunTime:0.0010s ]
INFO: [ app_end ] --START--
INFO: Run Behavior\ShowPageTraceBehavior [ RunTime:0.001000s ]
INFO: [ app_end ] --END-- [ RunTime:0.001000s ]

[ 2017-09-27T10:25:25+08:00 ] ::1 /MyBlog/index.php/Home/Index/test_ajax?un=sdfsdsdf
INFO: [ app_begin ] --START--
INFO: Run Behavior\ReadHtmlCacheBehavior [ RunTime:0.000000s ]
INFO: [ app_begin ] --END-- [ RunTime:0.001000s ]
SQL: SHOW COLUMNS FROM `mb_user` [ RunTime:0.0010s ]
INFO: [ app_end ] --START--
INFO: Run Behavior\ShowPageTraceBehavior [ RunTime:0.000000s ]
INFO: [ app_end ] --END-- [ RunTime:0.001000s ]

[ 2017-09-27T10:25:28+08:00 ] ::1 /MyBlog/index.php/Home/Index/test_ajax?un=asd
INFO: [ app_begin ] --START--
INFO: Run Behavior\ReadHtmlCacheBehavior [ RunTime:0.001000s ]
INFO: [ app_begin ] --END-- [ RunTime:0.001000s ]
SQL: SHOW COLUMNS FROM `mb_user` [ RunTime:0.0000s ]
INFO: [ app_end ] --START--
INFO: Run Behavior\ShowPageTraceBehavior [ RunTime:0.000000s ]
INFO: [ app_end ] --END-- [ RunTime:0.000000s ]

[ 2017-09-27T10:26:21+08:00 ] ::1 /MyBlog/index.php/Home/Index/test_ajax?un=sdf
INFO: [ app_begin ] --START--
INFO: Run Behavior\ReadHtmlCacheBehavior [ RunTime:0.001000s ]
INFO: [ app_begin ] --END-- [ RunTime:0.001000s ]
SQL: SHOW COLUMNS FROM `mb_user` [ RunTime:0.0010s ]
INFO: [ app_end ] --START--
INFO: Run Behavior\ShowPageTraceBehavior [ RunTime:0.001001s ]
INFO: [ app_end ] --END-- [ RunTime:0.001001s ]

[ 2017-09-27T10:26:53+08:00 ] ::1 /MyBlog/index.php/Home/Index/test_ajax?un=sdf
INFO: [ app_begin ] --START--
INFO: Run Behavior\ReadHtmlCacheBehavior [ RunTime:0.001000s ]
INFO: [ app_begin ] --END-- [ RunTime:0.001000s ]
SQL: SHOW COLUMNS FROM `mb_user` [ RunTime:0.0000s ]
INFO: [ app_end ] --START--
INFO: Run Behavior\ShowPageTraceBehavior [ RunTime:0.001000s ]
INFO: [ app_end ] --END-- [ RunTime:0.001000s ]

[ 2017-09-27T10:28:00+08:00 ] ::1 /MyBlog/index.php/Home/Index/test_ajax?tm=Wed%20Sep%2027%202017%2010:28:00%20GMT+0800%20(%E4%B8%AD%E5%9B%BD%E6%A0%87%E5%87%86%E6%97%B6%E9%97%B4)
INFO: [ app_begin ] --START--
INFO: Run Behavior\ReadHtmlCacheBehavior [ RunTime:0.000000s ]
INFO: [ app_begin ] --END-- [ RunTime:0.001000s ]
SQL: SHOW COLUMNS FROM `mb_user` [ RunTime:0.0000s ]
INFO: [ app_end ] --START--
INFO: Run Behavior\ShowPageTraceBehavior [ RunTime:0.000000s ]
INFO: [ app_end ] --END-- [ RunTime:0.000000s ]

[ 2017-09-27T10:28:30+08:00 ] ::1 /MyBlog/index.php/Home/Index/reg_vali?tm=Wed%20Sep%2027%202017%2010:28:30%20GMT+0800%20(%E4%B8%AD%E5%9B%BD%E6%A0%87%E5%87%86%E6%97%B6%E9%97%B4)
INFO: [ app_begin ] --START--
INFO: Run Behavior\ReadHtmlCacheBehavior [ RunTime:0.001000s ]
INFO: [ app_begin ] --END-- [ RunTime:0.001000s ]
SQL: SHOW COLUMNS FROM `mb_user` [ RunTime:0.0000s ]
SQL: SELECT * FROM `mb_user` WHERE `username` = 'sdfsdf' LIMIT 1   [ RunTime:0.0010s ]

[ 2017-09-27T10:28:39+08:00 ] ::1 /MyBlog/index.php/Home/Index/reg_vali?tm=Wed%20Sep%2027%202017%2010:28:39%20GMT+0800%20(%E4%B8%AD%E5%9B%BD%E6%A0%87%E5%87%86%E6%97%B6%E9%97%B4)
INFO: [ app_begin ] --START--
INFO: Run Behavior\ReadHtmlCacheBehavior [ RunTime:0.000000s ]
INFO: [ app_begin ] --END-- [ RunTime:0.001000s ]
SQL: SHOW COLUMNS FROM `mb_user` [ RunTime:0.0010s ]
SQL: SELECT * FROM `mb_user` WHERE `username` = '初音未来' LIMIT 1   [ RunTime:0.0000s ]

[ 2017-09-27T10:39:26+08:00 ] ::1 /MyBlog/index.php/Home/Index/reg_vali?tm=Wed%20Sep%2027%202017%2010:39:26%20GMT+0800%20(%E4%B8%AD%E5%9B%BD%E6%A0%87%E5%87%86%E6%97%B6%E9%97%B4)
INFO: [ app_begin ] --START--
INFO: Run Behavior\ReadHtmlCacheBehavior [ RunTime:0.001000s ]
INFO: [ app_begin ] --END-- [ RunTime:0.001000s ]
SQL: SHOW COLUMNS FROM `mb_user` [ RunTime:0.0010s ]
SQL: SELECT * FROM `mb_user` WHERE `username` = '初音未来' LIMIT 1   [ RunTime:0.0000s ]

[ 2017-09-27T10:39:32+08:00 ] ::1 /MyBlog/index.php/Home/Index/reg_vali?tm=Wed%20Sep%2027%202017%2010:39:32%20GMT+0800%20(%E4%B8%AD%E5%9B%BD%E6%A0%87%E5%87%86%E6%97%B6%E9%97%B4)
INFO: [ app_begin ] --START--
INFO: Run Behavior\ReadHtmlCacheBehavior [ RunTime:0.000000s ]
INFO: [ app_begin ] --END-- [ RunTime:0.001000s ]
SQL: SHOW COLUMNS FROM `mb_user` [ RunTime:0.0010s ]
SQL: SELECT * FROM `mb_user` WHERE `username` = '第三方' LIMIT 1   [ RunTime:0.0000s ]

[ 2017-09-27T10:47:31+08:00 ] ::1 /MyBlog/index.php/Home/Index/reg_vali?tm=Wed%20Sep%2027%202017%2010:47:31%20GMT+0800%20(%E4%B8%AD%E5%9B%BD%E6%A0%87%E5%87%86%E6%97%B6%E9%97%B4)
INFO: [ app_begin ] --START--
INFO: Run Behavior\ReadHtmlCacheBehavior [ RunTime:0.000000s ]
INFO: [ app_begin ] --END-- [ RunTime:0.001000s ]
SQL: SHOW COLUMNS FROM `mb_user` [ RunTime:0.0010s ]
SQL: SELECT * FROM `mb_user` WHERE `username` = 'sdf' LIMIT 1   [ RunTime:0.0000s ]

[ 2017-09-27T10:49:48+08:00 ] ::1 /MyBlog/index.php/Home/Index/reg_vali?tm=Wed%20Sep%2027%202017%2010:49:48%20GMT+0800%20(%E4%B8%AD%E5%9B%BD%E6%A0%87%E5%87%86%E6%97%B6%E9%97%B4)
INFO: [ app_begin ] --START--
INFO: Run Behavior\ReadHtmlCacheBehavior [ RunTime:0.000000s ]
INFO: [ app_begin ] --END-- [ RunTime:0.001001s ]
SQL: SHOW COLUMNS FROM `mb_user` [ RunTime:0.0010s ]
SQL: SELECT * FROM `mb_user` WHERE `username` = 'sdfds' LIMIT 1   [ RunTime:0.0000s ]

[ 2017-09-27T10:50:18+08:00 ] ::1 /MyBlog/index.php/Home/Index/reg_vali?tm=Wed%20Sep%2027%202017%2010:50:18%20GMT+0800%20(%E4%B8%AD%E5%9B%BD%E6%A0%87%E5%87%86%E6%97%B6%E9%97%B4)
INFO: [ app_begin ] --START--
INFO: Run Behavior\ReadHtmlCacheBehavior [ RunTime:0.000000s ]
INFO: [ app_begin ] --END-- [ RunTime:0.001000s ]
SQL: SHOW COLUMNS FROM `mb_user` [ RunTime:0.0010s ]
SQL: SELECT * FROM `mb_user` WHERE `username` = 'sdf' LIMIT 1   [ RunTime:0.0000s ]

[ 2017-09-27T10:50:59+08:00 ] ::1 /MyBlog/index.php/Home/Index/reg_vali?tm=Wed%20Sep%2027%202017%2010:50:59%20GMT+0800%20(%E4%B8%AD%E5%9B%BD%E6%A0%87%E5%87%86%E6%97%B6%E9%97%B4)
INFO: [ app_begin ] --START--
INFO: Run Behavior\ReadHtmlCacheBehavior [ RunTime:0.000000s ]
INFO: [ app_begin ] --END-- [ RunTime:0.001000s ]
SQL: SHOW COLUMNS FROM `mb_user` [ RunTime:0.0010s ]
SQL: SELECT * FROM `mb_user` WHERE `username` = 'sdfsd' LIMIT 1   [ RunTime:0.0010s ]

[ 2017-09-27T10:52:22+08:00 ] ::1 /MyBlog/index.php/Home/Index/reg_vali?tm=Wed%20Sep%2027%202017%2010:52:22%20GMT+0800%20(%E4%B8%AD%E5%9B%BD%E6%A0%87%E5%87%86%E6%97%B6%E9%97%B4)
INFO: [ app_begin ] --START--
INFO: Run Behavior\ReadHtmlCacheBehavior [ RunTime:0.001000s ]
INFO: [ app_begin ] --END-- [ RunTime:0.001000s ]
SQL: SHOW COLUMNS FROM `mb_user` [ RunTime:0.0000s ]
SQL: SELECT * FROM `mb_user` WHERE `username` = 'sdfsd' LIMIT 1   [ RunTime:0.0010s ]

[ 2017-09-27T10:52:44+08:00 ] ::1 /MyBlog/index.php/Home/Index/reg_vali?tm=Wed%20Sep%2027%202017%2010:52:44%20GMT+0800%20(%E4%B8%AD%E5%9B%BD%E6%A0%87%E5%87%86%E6%97%B6%E9%97%B4)
INFO: [ app_begin ] --START--
INFO: Run Behavior\ReadHtmlCacheBehavior [ RunTime:0.000000s ]
INFO: [ app_begin ] --END-- [ RunTime:0.001000s ]
SQL: SHOW COLUMNS FROM `mb_user` [ RunTime:0.0010s ]
SQL: SELECT * FROM `mb_user` WHERE `username` = 'sdf' LIMIT 1   [ RunTime:0.0000s ]

[ 2017-09-27T10:52:59+08:00 ] ::1 /MyBlog/index.php/Home/Index/reg_vali?tm=Wed%20Sep%2027%202017%2010:52:59%20GMT+0800%20(%E4%B8%AD%E5%9B%BD%E6%A0%87%E5%87%86%E6%97%B6%E9%97%B4)
INFO: [ app_begin ] --START--
INFO: Run Behavior\ReadHtmlCacheBehavior [ RunTime:0.001000s ]
INFO: [ app_begin ] --END-- [ RunTime:0.001000s ]
SQL: SHOW COLUMNS FROM `mb_user` [ RunTime:0.0010s ]
SQL: SELECT * FROM `mb_user` WHERE `username` = 'sdfsd' LIMIT 1   [ RunTime:0.0010s ]

[ 2017-09-27T10:53:40+08:00 ] ::1 /MyBlog/index.php/Home/Index/reg_vali?tm=Wed%20Sep%2027%202017%2010:53:40%20GMT+0800%20(%E4%B8%AD%E5%9B%BD%E6%A0%87%E5%87%86%E6%97%B6%E9%97%B4)
INFO: [ app_begin ] --START--
INFO: Run Behavior\ReadHtmlCacheBehavior [ RunTime:0.000000s ]
INFO: [ app_begin ] --END-- [ RunTime:0.001000s ]
SQL: SHOW COLUMNS FROM `mb_user` [ RunTime:0.0010s ]
SQL: SELECT * FROM `mb_user` WHERE `username` = 'sdf' LIMIT 1   [ RunTime:0.0010s ]

[ 2017-09-27T10:55:53+08:00 ] ::1 /MyBlog/index.php/Home/Index/reg_vali?tm=Wed%20Sep%2027%202017%2010:55:53%20GMT+0800%20(%E4%B8%AD%E5%9B%BD%E6%A0%87%E5%87%86%E6%97%B6%E9%97%B4)
INFO: [ app_begin ] --START--
INFO: Run Behavior\ReadHtmlCacheBehavior [ RunTime:0.000000s ]
INFO: [ app_begin ] --END-- [ RunTime:0.002000s ]
SQL: SHOW COLUMNS FROM `mb_user` [ RunTime:0.0010s ]
SQL: SELECT * FROM `mb_user` WHERE `username` = 'ceshi5' LIMIT 1   [ RunTime:0.0010s ]

[ 2017-09-27T10:58:48+08:00 ] ::1 /MyBlog/index.php/Home/Index/reg_vali_reg?tm=Wed%20Sep%2027%202017%2010:58:48%20GMT+0800%20(%E4%B8%AD%E5%9B%BD%E6%A0%87%E5%87%86%E6%97%B6%E9%97%B4)
INFO: [ app_begin ] --START--
INFO: Run Behavior\ReadHtmlCacheBehavior [ RunTime:0.001000s ]
INFO: [ app_begin ] --END-- [ RunTime:0.001000s ]
ERR: 非法操作:reg_vali_reg

[ 2017-09-27T10:58:55+08:00 ] ::1 /MyBlog/index.php/Home/Index/reg_vali_reg?tm=Wed%20Sep%2027%202017%2010:58:55%20GMT+0800%20(%E4%B8%AD%E5%9B%BD%E6%A0%87%E5%87%86%E6%97%B6%E9%97%B4)
INFO: [ app_begin ] --START--
INFO: Run Behavior\ReadHtmlCacheBehavior [ RunTime:0.000000s ]
INFO: [ app_begin ] --END-- [ RunTime:0.002000s ]
ERR: 非法操作:reg_vali_reg

[ 2017-09-27T10:59:22+08:00 ] ::1 /MyBlog/index.php/Home/Index/ajax_vali_reg?tm=Wed%20Sep%2027%202017%2010:59:22%20GMT+0800%20(%E4%B8%AD%E5%9B%BD%E6%A0%87%E5%87%86%E6%97%B6%E9%97%B4)
INFO: [ app_begin ] --START--
INFO: Run Behavior\ReadHtmlCacheBehavior [ RunTime:0.001000s ]
INFO: [ app_begin ] --END-- [ RunTime:0.001000s ]
SQL: SHOW COLUMNS FROM `mb_user` [ RunTime:0.0010s ]
SQL: SELECT * FROM `mb_user` WHERE `username` = 'ceshi5' LIMIT 1   [ RunTime:0.0000s ]

[ 2017-09-27T11:00:09+08:00 ] ::1 /MyBlog/index.php/Home/Index/ajax_vali_reg?tm=Wed%20Sep%2027%202017%2011:00:09%20GMT+0800%20(%E4%B8%AD%E5%9B%BD%E6%A0%87%E5%87%86%E6%97%B6%E9%97%B4)
INFO: [ app_begin ] --START--
INFO: Run Behavior\ReadHtmlCacheBehavior [ RunTime:0.000000s ]
INFO: [ app_begin ] --END-- [ RunTime:0.001000s ]
SQL: SHOW COLUMNS FROM `mb_user` [ RunTime:0.0010s ]
SQL: SELECT * FROM `mb_user` WHERE `username` = 'ceshi5' LIMIT 1   [ RunTime:0.0000s ]

[ 2017-09-27T11:00:41+08:00 ] ::1 /MyBlog/index.php/Home/Index/ajax_vali_reg?tm=Wed%20Sep%2027%202017%2011:00:40%20GMT+0800%20(%E4%B8%AD%E5%9B%BD%E6%A0%87%E5%87%86%E6%97%B6%E9%97%B4)
INFO: [ app_begin ] --START--
INFO: Run Behavior\ReadHtmlCacheBehavior [ RunTime:0.000000s ]
INFO: [ app_begin ] --END-- [ RunTime:0.001000s ]
SQL: SHOW COLUMNS FROM `mb_user` [ RunTime:0.0010s ]
SQL: SELECT * FROM `mb_user` WHERE `username` = 'sdfsd' LIMIT 1   [ RunTime:0.0000s ]

[ 2017-09-27T11:01:14+08:00 ] ::1 /MyBlog/index.php/Home/Index/ajax_vali_reg?tm=Wed%20Sep%2027%202017%2011:01:14%20GMT+0800%20(%E4%B8%AD%E5%9B%BD%E6%A0%87%E5%87%86%E6%97%B6%E9%97%B4)
INFO: [ app_begin ] --START--
INFO: Run Behavior\ReadHtmlCacheBehavior [ RunTime:0.000000s ]
INFO: [ app_begin ] --END-- [ RunTime:0.001000s ]
SQL: SHOW COLUMNS FROM `mb_user` [ RunTime:0.0000s ]
SQL: SELECT * FROM `mb_user` WHERE `username` = 'sdfsd' LIMIT 1   [ RunTime:0.0000s ]

[ 2017-09-27T11:01:28+08:00 ] ::1 /MyBlog/index.php/Home/Index/ajax_vali_reg?tm=Wed%20Sep%2027%202017%2011:01:27%20GMT+0800%20(%E4%B8%AD%E5%9B%BD%E6%A0%87%E5%87%86%E6%97%B6%E9%97%B4)
INFO: [ app_begin ] --START--
INFO: Run Behavior\ReadHtmlCacheBehavior [ RunTime:0.001000s ]
INFO: [ app_begin ] --END-- [ RunTime:0.001000s ]
SQL: SHOW COLUMNS FROM `mb_user` [ RunTime:0.0010s ]
SQL: SELECT * FROM `mb_user` WHERE `username` = 'ceshi5' LIMIT 1   [ RunTime:0.0000s ]

[ 2017-09-27T11:08:10+08:00 ] ::1 /MyBlog/index.php/Home/ajax_vali_reg?tm=Wed%20Sep%2027%202017%2011:08:10%20GMT+0800%20(%E4%B8%AD%E5%9B%BD%E6%A0%87%E5%87%86%E6%97%B6%E9%97%B4)
INFO: [ app_begin ] --START--
INFO: Run Behavior\ReadHtmlCacheBehavior [ RunTime:0.001000s ]
INFO: [ app_begin ] --END-- [ RunTime:0.001000s ]
ERR: 无法加载控制器:Ajax_vali_reg

[ 2017-09-27T11:09:00+08:00 ] ::1 /MyBlog/index.php/Home/ajax_vali_reg?tm=Wed%20Sep%2027%202017%2011:08:59%20GMT+0800%20(%E4%B8%AD%E5%9B%BD%E6%A0%87%E5%87%86%E6%97%B6%E9%97%B4)
INFO: [ app_begin ] --START--
INFO: Run Behavior\ReadHtmlCacheBehavior [ RunTime:0.000000s ]
INFO: [ app_begin ] --END-- [ RunTime:0.001000s ]
ERR: 无法加载控制器:Ajax_vali_reg

[ 2017-09-27T11:12:25+08:00 ] ::1 /MyBlog/index.php/Home/Index/ajax_vali_reg?tm=Wed%20Sep%2027%202017%2011:12:25%20GMT+0800%20(%E4%B8%AD%E5%9B%BD%E6%A0%87%E5%87%86%E6%97%B6%E9%97%B4)
INFO: [ app_begin ] --START--
INFO: Run Behavior\ReadHtmlCacheBehavior [ RunTime:0.000000s ]
INFO: [ app_begin ] --END-- [ RunTime:0.001000s ]
SQL: SHOW COLUMNS FROM `mb_user` [ RunTime:0.0010s ]
SQL: SELECT * FROM `mb_user` WHERE `username` = 'ceshi3' LIMIT 1   [ RunTime:0.0000s ]

[ 2017-09-27T11:12:30+08:00 ] ::1 /MyBlog/index.php/Home/Index/ajax_vali_reg?tm=Wed%20Sep%2027%202017%2011:12:30%20GMT+0800%20(%E4%B8%AD%E5%9B%BD%E6%A0%87%E5%87%86%E6%97%B6%E9%97%B4)
INFO: [ app_begin ] --START--
INFO: Run Behavior\ReadHtmlCacheBehavior [ RunTime:0.000000s ]
INFO: [ app_begin ] --END-- [ RunTime:0.001000s ]
SQL: SHOW COLUMNS FROM `mb_user` [ RunTime:0.0000s ]
SQL: SELECT * FROM `mb_user` WHERE `username` = 'ceshi33' LIMIT 1   [ RunTime:0.0000s ]

[ 2017-09-27T11:13:06+08:00 ] ::1 /MyBlog/index.php/Home/Index/ajax_vali_reg?tm=Wed%20Sep%2027%202017%2011:13:06%20GMT+0800%20(%E4%B8%AD%E5%9B%BD%E6%A0%87%E5%87%86%E6%97%B6%E9%97%B4)
INFO: [ app_begin ] --START--
INFO: Run Behavior\ReadHtmlCacheBehavior [ RunTime:0.000000s ]
INFO: [ app_begin ] --END-- [ RunTime:0.001001s ]
SQL: SHOW COLUMNS FROM `mb_user` [ RunTime:0.0010s ]
SQL: SELECT * FROM `mb_user` WHERE `username` = '初音未来' LIMIT 1   [ RunTime:0.0000s ]

[ 2017-09-27T11:13:09+08:00 ] ::1 /MyBlog/index.php/Home/Index/ajax_vali_reg?tm=Wed%20Sep%2027%202017%2011:13:09%20GMT+0800%20(%E4%B8%AD%E5%9B%BD%E6%A0%87%E5%87%86%E6%97%B6%E9%97%B4)
INFO: [ app_begin ] --START--
INFO: Run Behavior\ReadHtmlCacheBehavior [ RunTime:0.000000s ]
INFO: [ app_begin ] --END-- [ RunTime:0.001000s ]
SQL: SHOW COLUMNS FROM `mb_user` [ RunTime:0.0010s ]
SQL: SELECT * FROM `mb_user` WHERE `username` = '初音未' LIMIT 1   [ RunTime:0.0000s ]

[ 2017-09-27T11:22:39+08:00 ] ::1 /MyBlog/index.php/Home/Index/single?title=
ERR: 1064:You have an error in your SQL syntax; check the manual that corresponds to your MySQL server version for the right syntax to use near ') ORDER BY id desc LIMIT 1' at line 1
 [ SQL语句 ] : SELECT * FROM `mb_post` WHERE ( id< ) ORDER BY id desc LIMIT 1  

[ 2017-09-27T11:22:52+08:00 ] ::1 /MyBlog/index.php/Home/Index/single?title=
ERR: 1064:You have an error in your SQL syntax; check the manual that corresponds to your MySQL server version for the right syntax to use near ') ORDER BY id desc LIMIT 1' at line 1
 [ SQL语句 ] : SELECT * FROM `mb_post` WHERE ( id< ) ORDER BY id desc LIMIT 1  

